<?xml version="1.0" encoding="UTF-8"?>
<!-- Generated by org.testng.reporters.JUnitReportReporter -->
<testsuite skipped="0" hostname="DESKTOP-0FPTQQV" name="script.TestUtil" tests="1" failures="0" timestamp="07 Jan 2019 11:26:38 GMT" time="5.528" errors="0">
  <testcase name="testA" time="5.528" classname="script.TestUtil"/>
</testsuite> <!-- script.TestUtil -->
