<?xml version="1.0" encoding="UTF-8"?>
<!-- Generated by org.testng.reporters.JUnitReportReporter -->
<testsuite skipped="0" hostname="DESKTOP-0FPTQQV" name="script.TestDisableOption" tests="1" failures="0" timestamp="31 Jan 2019 07:18:12 GMT" time="52.073" errors="0">
  <testcase name="testDisableOption" time="52.073" classname="script.TestDisableOption"/>
</testsuite> <!-- script.TestDisableOption -->
