<?xml version="1.0" encoding="UTF-8"?>
<!-- Generated by org.testng.reporters.JUnitReportReporter -->
<testsuite skipped="0" hostname="DESKTOP-0FPTQQV" name="script.ValidLogin" tests="1" failures="0" timestamp="10 Jan 2019 11:07:40 GMT" time="10.719" errors="0">
  <testcase name="testValidLogin" time="10.719" classname="script.ValidLogin"/>
</testsuite> <!-- script.ValidLogin -->
