<?xml version="1.0" encoding="UTF-8"?>
<!-- Generated by org.testng.reporters.JUnitReportReporter -->
<testsuite skipped="0" hostname="DESKTOP-0FPTQQV" name="script.CheckIssueDate" tests="1" failures="0" timestamp="10 Jan 2019 12:19:06 GMT" time="14.913" errors="0">
  <testcase name="testCheckIssueDate" time="14.913" classname="script.CheckIssueDate"/>
</testsuite> <!-- script.CheckIssueDate -->
