<?xml version="1.0" encoding="UTF-8"?>
<!-- Generated by org.testng.reporters.JUnitReportReporter -->
<testsuite skipped="0" hostname="DESKTOP-0FPTQQV" name="script.TestListOfUsers" tests="1" failures="0" timestamp="31 Jan 2019 06:03:14 GMT" time="51.634" errors="0">
  <testcase name="testListOfUsers" time="51.634" classname="script.TestListOfUsers"/>
</testsuite> <!-- script.TestListOfUsers -->
