<?xml version="1.0" encoding="UTF-8"?>
<!-- Generated by org.testng.reporters.JUnitReportReporter -->
<testsuite skipped="0" hostname="DESKTOP-0FPTQQV" name="script.TestLaunch" tests="1" failures="0" timestamp="25 Jan 2019 14:44:17 GMT" time="41.453" errors="0">
  <testcase name="testLaunch" time="41.453" classname="script.TestLaunch"/>
</testsuite> <!-- script.TestLaunch -->
