<?xml version="1.0" encoding="UTF-8"?>
<!-- Generated by org.testng.reporters.JUnitReportReporter -->
<testsuite skipped="0" hostname="DESKTOP-0FPTQQV" name="script.TestReport" tests="5" failures="0" timestamp="09 Jan 2019 10:09:50 GMT" time="18.377" errors="0">
  <testcase name="testA4" time="3.711" classname="script.TestReport"/>
  <testcase name="testA2" time="3.416" classname="script.TestReport"/>
  <testcase name="testA" time="3.469" classname="script.TestReport"/>
  <testcase name="testA3" time="4.302" classname="script.TestReport"/>
  <testcase name="testA1" time="3.479" classname="script.TestReport"/>
</testsuite> <!-- script.TestReport -->
