<?xml version="1.0" encoding="UTF-8"?>
<!-- Generated by org.testng.reporters.JUnitReportReporter -->
<testsuite skipped="0" hostname="DESKTOP-0FPTQQV" name="script.TestNewGroup" tests="1" failures="0" timestamp="31 Jan 2019 07:42:39 GMT" time="48.605" errors="0">
  <testcase name="testNewGroup" time="48.605" classname="script.TestNewGroup"/>
</testsuite> <!-- script.TestNewGroup -->
