<?xml version="1.0" encoding="UTF-8"?>
<!-- Generated by org.testng.reporters.JUnitReportReporter -->
<testsuite skipped="0" hostname="DESKTOP-0FPTQQV" name="script.TestUsersAndGroups" tests="1" failures="0" timestamp="29 Jan 2019 06:56:06 GMT" time="51.330" errors="0">
  <testcase name="testUserAndGroups" time="51.330" classname="script.TestUsersAndGroups"/>
</testsuite> <!-- script.TestUsersAndGroups -->
